<?xml version="1.0" encoding="UTF-8"?>
<!-- Generated by org.testng.reporters.JUnitReportReporter -->
<testsuite hostname="Ganesh" failures="0" tests="1" name="Pandhre.AppTest" time="28.301" errors="0" timestamp="2024-09-23T13:48:50 IST" skipped="0">
  <testcase classname="Pandhre.AppTest" name="testTitle" time="28.301"/>
  <system-out/>
</testsuite> <!-- Pandhre.AppTest -->
